2025-07-05 17:40:51 enhance logging
2025-11-25 05:39:45 update docs with examples
2025-03-18 00:22:10 update configs
2025-07-23 13:08:05 cleanup code
2025-09-10 12:02:04 update gitignore
2025-01-08 06:30:57 fix crash issue
2025-01-19 23:54:28 restructure modules
2025-03-29 03:54:12 UI improvements
2025-05-18 09:31:14 reorganize files
2025-09-25 10:27:56 update feature
2025-02-11 20:40:17 fix crash issue
2025-08-21 03:14:05 adjust timeout
2025-09-10 06:31:03 small refactor
2025-06-09 10:02:29 update metadata
2025-05-02 15:09:56 hotfix applied
2025-11-15 05:36:42 add TODOs
2025-04-26 00:23:33 fix bug
2025-09-22 12:19:37 add unit tests
2025-07-23 03:49:39 add unit tests
2025-12-23 18:58:13 update gitignore
2025-01-29 08:18:40 update schema migration
2025-12-08 21:25:52 adjust validation rules
2025-12-17 22:16:22 UI improvements
2025-01-12 22:12:06 restructure modules
2025-03-31 01:01:24 rebuild project
2025-11-16 14:58:22 reformat code
2025-05-02 06:52:57 stabilize build
2025-08-29 16:43:17 update LICENSE
2025-02-26 05:07:39 update configs for prod
2025-08-26 12:32:13 enhance logging
2025-11-06 21:38:46 fix typo in docs
2025-03-25 05:06:43 fix misconfiguration
2025-02-12 22:02:01 fix config bug
2025-09-21 02:30:39 typo fix
2025-08-01 10:34:02 refactor tests
2025-05-21 08:28:42 simplify logic
2025-08-04 19:26:13 minor refactor
2025-04-22 01:58:25 update version
2025-06-08 13:18:05 update gitignore
2025-08-12 05:29:38 adjust validation rules
